# JRE version: OpenJDK Runtime Environment (17.0.6) (build 17.0.6+0-b2043.56-9586694)
# Java VM: OpenJDK 64-Bit Server VM (17.0.6+0-b2043.56-9586694, mixed mode, tiered, compressed oops, compressed class ptrs, g1 gc, windows-amd64)
GC Precious Log:
 CPUs: 2 total, 2 available
 Memory: 12159M
 Large Page Support: Disabled
 NUMA Support: Disabled
 Compressed Oops: Enabled (32-bit)
 Heap Region Size: 1M
 Heap Min Capacity: 8M
 Heap Initial Capacity: 190M
 Heap Max Capacity: 2G
 Pre-touch: Disabled
 Parallel Workers: 2
 Concurrent Workers: 1
 Concurrent Refinement Workers: 2
 Periodic GC: Disabled
Heap:
 garbage-first heap   total 78848K, used 53236K [0x0000000080000000, 0x0000000100000000)
  region size 1024K, 23 young (23552K), 4 survivors (4096K)
 Metaspace       used 54982K, committed 55424K, reserved 1097728K
  class space    used 7173K, committed 7360K, reserved 1048576K
GC Heap History (20 events):
Event: 3.174 GC heap before
{Heap before GC invocations=4 (full 0):
 garbage-first heap   total 194560K, used 35219K [0x0000000080000000, 0x0000000100000000)
  region size 1024K, 24 young (24576K), 5 survivors (5120K)
 Metaspace       used 21192K, committed 21504K, reserved 1073152K
  class space    used 2561K, committed 2752K, reserved 1048576K
}
Event: 3.183 GC heap after
{Heap after GC invocations=5 (full 0):
 garbage-first heap   total 194560K, used 18592K [0x0000000080000000, 0x0000000100000000)
  region size 1024K, 2 young (2048K), 2 survivors (2048K)
 Metaspace       used 21192K, committed 21504K, reserved 1073152K
  class space    used 2561K, committed 2752K, reserved 1048576K
}
Event: 4.233 GC heap before
{Heap before GC invocations=6 (full 0):
 garbage-first heap   total 65536K, used 51360K [0x0000000080000000, 0x0000000100000000)
  region size 1024K, 35 young (35840K), 2 survivors (2048K)
 Metaspace       used 26338K, committed 26688K, reserved 1073152K
  class space    used 3457K, committed 3584K, reserved 1048576K
}
Event: 4.241 GC heap after
{Heap after GC invocations=7 (full 0):
 garbage-first heap   total 65536K, used 20432K [0x0000000080000000, 0x0000000100000000)
  region size 1024K, 4 young (4096K), 4 survivors (4096K)
 Metaspace       used 26338K, committed 26688K, reserved 1073152K
  class space    used 3457K, committed 3584K, reserved 1048576K
}
Event: 4.842 GC heap before
{Heap before GC invocations=7 (full 0):
 garbage-first heap   total 65536K, used 43984K [0x0000000080000000, 0x0000000100000000)
  region size 1024K, 27 young (27648K), 4 survivors (4096K)
 Metaspace       used 30026K, committed 30272K, reserved 1081344K
  class space    used 4061K, committed 4160K, reserved 1048576K
}
Event: 4.853 GC heap after
{Heap after GC invocations=8 (full 0):
 garbage-first heap   total 65536K, used 22013K [0x0000000080000000, 0x0000000100000000)
  region size 1024K, 4 young (4096K), 4 survivors (4096K)
 Metaspace       used 30026K, committed 30272K, reserved 1081344K
  class space    used 4061K, committed 4160K, reserved 1048576K
}
Event: 5.421 GC heap before
{Heap before GC invocations=8 (full 0):
 garbage-first heap   total 65536K, used 46589K [0x0000000080000000, 0x0000000100000000)
  region size 1024K, 28 young (28672K), 4 survivors (4096K)
 Metaspace       used 34084K, committed 34368K, reserved 1081344K
  class space    used 4690K, committed 4800K, reserved 1048576K
}
Event: 5.430 GC heap after
{Heap after GC invocations=9 (full 0):
 garbage-first heap   total 65536K, used 23114K [0x0000000080000000, 0x0000000100000000)
  region size 1024K, 3 young (3072K), 3 survivors (3072K)
 Metaspace       used 34084K, committed 34368K, reserved 1081344K
  class space    used 4690K, committed 4800K, reserved 1048576K
}
Event: 5.644 GC heap before
{Heap before GC invocations=9 (full 0):
 garbage-first heap   total 65536K, used 30282K [0x0000000080000000, 0x0000000100000000)
  region size 1024K, 12 young (12288K), 3 survivors (3072K)
 Metaspace       used 35637K, committed 35968K, reserved 1081344K
  class space    used 4874K, committed 5056K, reserved 1048576K
}
Event: 5.652 GC heap after
{Heap after GC invocations=10 (full 0):
 garbage-first heap   total 65536K, used 24841K [0x0000000080000000, 0x0000000100000000)
  region size 1024K, 3 young (3072K), 3 survivors (3072K)
 Metaspace       used 35637K, committed 35968K, reserved 1081344K
  class space    used 4874K, committed 5056K, reserved 1048576K
}
Event: 6.215 GC heap before
{Heap before GC invocations=11 (full 0):
 garbage-first heap   total 65536K, used 47369K [0x0000000080000000, 0x0000000100000000)
  region size 1024K, 26 young (26624K), 3 survivors (3072K)
 Metaspace       used 40499K, committed 40832K, reserved 1089536K
  class space    used 5357K, committed 5504K, reserved 1048576K
}
Event: 6.225 GC heap after
{Heap after GC invocations=12 (full 0):
 garbage-first heap   total 65536K, used 27823K [0x0000000080000000, 0x0000000100000000)
  region size 1024K, 4 young (4096K), 4 survivors (4096K)
 Metaspace       used 40499K, committed 40832K, reserved 1089536K
  class space    used 5357K, committed 5504K, reserved 1048576K
}
Event: 6.644 GC heap before
{Heap before GC invocations=12 (full 0):
 garbage-first heap   total 65536K, used 52399K [0x0000000080000000, 0x0000000100000000)
  region size 1024K, 25 young (25600K), 4 survivors (4096K)
 Metaspace       used 42569K, committed 42944K, reserved 1089536K
  class space    used 5554K, committed 5696K, reserved 1048576K
}
Event: 6.657 GC heap after
{Heap after GC invocations=13 (full 0):
 garbage-first heap   total 65536K, used 30567K [0x0000000080000000, 0x0000000100000000)
  region size 1024K, 3 young (3072K), 3 survivors (3072K)
 Metaspace       used 42569K, committed 42944K, reserved 1089536K
  class space    used 5554K, committed 5696K, reserved 1048576K
}
Event: 7.023 GC heap before
{Heap before GC invocations=13 (full 0):
 garbage-first heap   total 65536K, used 50023K [0x0000000080000000, 0x0000000100000000)
  region size 1024K, 22 young (22528K), 3 survivors (3072K)
 Metaspace       used 43766K, committed 44160K, reserved 1089536K
  class space    used 5732K, committed 5888K, reserved 1048576K
}
Event: 7.032 GC heap after
{Heap after GC invocations=14 (full 0):
 garbage-first heap   total 78848K, used 32637K [0x0000000080000000, 0x0000000100000000)
  region size 1024K, 3 young (3072K), 3 survivors (3072K)
 Metaspace       used 43766K, committed 44160K, reserved 1089536K
  class space    used 5732K, committed 5888K, reserved 1048576K
}
Event: 7.624 GC heap before
{Heap before GC invocations=14 (full 0):
 garbage-first heap   total 78848K, used 59261K [0x0000000080000000, 0x0000000100000000)
  region size 1024K, 29 young (29696K), 3 survivors (3072K)
 Metaspace       used 47756K, committed 48192K, reserved 1097728K
  class space    used 6262K, committed 6464K, reserved 1048576K
}
Event: 7.640 GC heap after
{Heap after GC invocations=15 (full 0):
 garbage-first heap   total 78848K, used 34480K [0x0000000080000000, 0x0000000100000000)
  region size 1024K, 2 young (2048K), 2 survivors (2048K)
 Metaspace       used 47756K, committed 48192K, reserved 1097728K
  class space    used 6262K, committed 6464K, reserved 1048576K
}
Event: 8.294 GC heap before
{Heap before GC invocations=15 (full 0):
 garbage-first heap   total 78848K, used 61104K [0x0000000080000000, 0x0000000100000000)
  region size 1024K, 28 young (28672K), 2 survivors (2048K)
 Metaspace       used 51034K, committed 51520K, reserved 1097728K
  class space    used 6753K, committed 6976K, reserved 1048576K
}
Event: 8.302 GC heap after
{Heap after GC invocations=16 (full 0):
 garbage-first heap   total 78848K, used 35828K [0x0000000080000000, 0x0000000100000000)
  region size 1024K, 4 young (4096K), 4 survivors (4096K)
 Metaspace       used 51034K, committed 51520K, reserved 1097728K
  class space    used 6753K, committed 6976K, reserved 1048576K
}

